<?xml version="1.0" encoding="UTF-8"?>
<beans xmlns="http://www.springframework.org/schema/beans" xmlns:xsi="http://www.w3.org/2001/XMLSchema-instance"
	xmlns:context="http://www.springframework.org/schema/context"
	xmlns:util="http://www.springframework.org/schema/util"
	xmlns:p="http://www.springframework.org/schema/p"
	xmlns:aop="http://www.springframework.org/schema/aop" 
	xmlns:jdbc="http://www.springframework.org/schema/jdbc"
	xmlns:encryption="http://www.jasypt.org/schema/encryption"
	xsi:schemaLocation="
		http://www.springframework.org/schema/beans http://www.springframework.org/schema/beans/spring-beans.xsd
		http://www.springframework.org/schema/batch http://www.springframework.org/schema/batch/spring-batch.xsd
		http://www.springframework.org/schema/jdbc http://www.springframework.org/schema/jdbc/spring-jdbc.xsd
		http://www.springframework.org/schema/context http://www.springframework.org/schema/context/spring-context.xsd
		http://www.springframework.org/schema/util http://www.springframework.org/schema/util/spring-util-3.0.xsd
		http://www.springframework.org/schema/jdbc http://www.springframework.org/schema/jdbc/spring-jdbc-3.0.xsd
		http://www.jasypt.org/schema/encryption http://www.jasypt.org/schema/encryption/jasypt-spring3-encryption-1.xsd
		">
		
	<context:annotation-config />
	<context:component-scan base-package="gov.hhs.cms.ff.fm.eps.ep" />
	<context:component-scan base-package="com.accenture.batchkit" />
	<import resource="classpath:/jasypt-config.xml" />

	<encryption:encryptable-property-placeholder encryptor="stringEnc" location="classpath:test-data.properties" ignore-unresolvable="true" />
		
		<!-- DATA SOURCE -->
	<bean id="dataSource"
		class="org.springframework.jdbc.datasource.DriverManagerDataSource">
		<property name="driverClassName" value="${jdbc.driverClassName}" />
		<property name="url" value="${jdbc.url}" />
		<property name="username" value="${jdbc.username}" />
		<property name="password" value="${jdbc.password}" />
	</bean>
	
	<bean id="transactionManager"
		class="org.springframework.jdbc.datasource.DataSourceTransactionManager"
		lazy-init="true">
		<property name="dataSource" ref="dataSource" />
	</bean>
	
</beans>
